{"numFailedTestSuites":0,"numFailedTests":0,"numPassedTestSuites":1,"numPassedTests":1,"numPendingTestSuites":0,"numPendingTests":0,"numRuntimeErrorTestSuites":0,"numTodoTests":0,"numTotalTestSuites":1,"numTotalTests":1,"openHandles":[],"snapshot":{"added":0,"didUpdate":false,"failure":false,"filesAdded":0,"filesRemoved":0,"filesRemovedList":[],"filesUnmatched":0,"filesUpdated":0,"matched":0,"total":0,"unchecked":0,"uncheckedKeysByFile":[],"unmatched":0,"updated":0},"startTime":1670497112272,"success":true,"testResults":[{"assertionResults":[{"ancestorTitles":["<Button/>"],"failureMessages":[],"fullName":"<Button/> должен выводиться текст","location":null,"status":"passed","title":"должен выводиться текст"}],"endTime":1670497113222,"message":"","name":"/Users/maksim/Projects/lego/src/components/Button/Button.spec.tsx","startTime":1670497112395,"status":"passed","summary":""}],"wasInterrupted":false}